2023-04-30 08:41:56.702535+00:00 [notice] <0.230.0> Logging: configured log handlers are now ACTIVE
2023-04-30 08:41:57.344816+00:00 [info] <0.230.0> ra: starting system quorum_queues
2023-04-30 08:41:57.345671+00:00 [info] <0.230.0> starting Ra system: quorum_queues in directory: /var/lib/rabbitmq/mnesia/rabbit@31b00072387b/quorum/rabbit@31b00072387b
2023-04-30 08:41:57.604278+00:00 [info] <0.267.0> ra system 'quorum_queues' running pre init for 0 registered servers
2023-04-30 08:41:57.661771+00:00 [info] <0.268.0> ra: meta data store initialised for system quorum_queues. 0 record(s) recovered
2023-04-30 08:41:57.701543+00:00 [notice] <0.273.0> WAL: ra_log_wal init, open tbls: ra_log_open_mem_tables, closed tbls: ra_log_closed_mem_tables
2023-04-30 08:41:57.731244+00:00 [info] <0.230.0> ra: starting system coordination
2023-04-30 08:41:57.731320+00:00 [info] <0.230.0> starting Ra system: coordination in directory: /var/lib/rabbitmq/mnesia/rabbit@31b00072387b/coordination/rabbit@31b00072387b
2023-04-30 08:41:57.760162+00:00 [info] <0.280.0> ra system 'coordination' running pre init for 0 registered servers
2023-04-30 08:41:57.777769+00:00 [info] <0.281.0> ra: meta data store initialised for system coordination. 0 record(s) recovered
2023-04-30 08:41:57.778543+00:00 [notice] <0.286.0> WAL: ra_coordination_log_wal init, open tbls: ra_coordination_log_open_mem_tables, closed tbls: ra_coordination_log_closed_mem_tables
2023-04-30 08:41:57.797924+00:00 [info] <0.230.0> 
2023-04-30 08:41:57.797924+00:00 [info] <0.230.0>  Starting RabbitMQ 3.11.14 on Erlang 25.3.1 [jit]
2023-04-30 08:41:57.797924+00:00 [info] <0.230.0>  Copyright (c) 2007-2023 VMware, Inc. or its affiliates.
2023-04-30 08:41:57.797924+00:00 [info] <0.230.0>  Licensed under the MPL 2.0. Website: https://rabbitmq.com
2023-04-30 08:41:57.803138+00:00 [info] <0.230.0> 
2023-04-30 08:41:57.803138+00:00 [info] <0.230.0>  node           : rabbit@31b00072387b
2023-04-30 08:41:57.803138+00:00 [info] <0.230.0>  home dir       : /var/lib/rabbitmq
2023-04-30 08:41:57.803138+00:00 [info] <0.230.0>  config file(s) : (none)
2023-04-30 08:41:57.803138+00:00 [info] <0.230.0>  cookie hash    : Et8XTFUM3Ej0sRZcy9UHRw==
2023-04-30 08:41:57.803138+00:00 [info] <0.230.0>  log(s)         : /var/log/rabbitmq/rabbit@31b00072387b.log
2023-04-30 08:41:57.803138+00:00 [info] <0.230.0>                 : /var/log/rabbitmq/rabbit@31b00072387b_upgrade.log
2023-04-30 08:41:57.803138+00:00 [info] <0.230.0>                 : <stdout>
2023-04-30 08:41:57.803138+00:00 [info] <0.230.0>  database dir   : /var/lib/rabbitmq/mnesia/rabbit@31b00072387b
2023-04-30 08:42:06.177546+00:00 [info] <0.230.0> Running boot step pre_boot defined by app rabbit
2023-04-30 08:42:06.177716+00:00 [info] <0.230.0> Running boot step rabbit_global_counters defined by app rabbit
2023-04-30 08:42:06.178752+00:00 [info] <0.230.0> Running boot step rabbit_osiris_metrics defined by app rabbit
2023-04-30 08:42:06.179434+00:00 [info] <0.230.0> Running boot step rabbit_core_metrics defined by app rabbit
2023-04-30 08:42:06.180863+00:00 [info] <0.230.0> Running boot step rabbit_alarm defined by app rabbit
2023-04-30 08:42:06.189619+00:00 [info] <0.298.0> Memory high watermark set to 3183 MiB (3338413670 bytes) of 7959 MiB (8346034176 bytes) total
2023-04-30 08:42:06.199073+00:00 [info] <0.300.0> Enabling free disk space monitoring (disk free space: 22909251584, total memory: 8346034176)
2023-04-30 08:42:06.199232+00:00 [info] <0.300.0> Disk free limit set to 50MB
2023-04-30 08:42:06.205805+00:00 [info] <0.230.0> Running boot step code_server_cache defined by app rabbit
2023-04-30 08:42:06.206097+00:00 [info] <0.230.0> Running boot step file_handle_cache defined by app rabbit
2023-04-30 08:42:06.206389+00:00 [info] <0.303.0> Limiting to approx 1048479 file handles (943629 sockets)
2023-04-30 08:42:06.206554+00:00 [info] <0.304.0> FHC read buffering: OFF
2023-04-30 08:42:06.206666+00:00 [info] <0.304.0> FHC write buffering: ON
2023-04-30 08:42:06.208727+00:00 [info] <0.230.0> Running boot step worker_pool defined by app rabbit
2023-04-30 08:42:06.209098+00:00 [info] <0.288.0> Will use 8 processes for default worker pool
2023-04-30 08:42:06.209286+00:00 [info] <0.288.0> Starting worker pool 'worker_pool' with 8 processes in it
2023-04-30 08:42:06.210674+00:00 [info] <0.230.0> Running boot step database defined by app rabbit
2023-04-30 08:42:06.214201+00:00 [info] <0.230.0> Node database directory at /var/lib/rabbitmq/mnesia/rabbit@31b00072387b is empty. Assuming we need to join an existing cluster or initialise from scratch...
2023-04-30 08:42:06.214354+00:00 [info] <0.230.0> Configured peer discovery backend: rabbit_peer_discovery_classic_config
2023-04-30 08:42:06.214385+00:00 [info] <0.230.0> Will try to lock with peer discovery backend rabbit_peer_discovery_classic_config
2023-04-30 08:42:06.214645+00:00 [info] <0.230.0> All discovered existing cluster peers:
2023-04-30 08:42:06.214723+00:00 [info] <0.230.0> Discovered no peer nodes to cluster with. Some discovery backends can filter nodes out based on a readiness criteria. Enabling debug logging might help troubleshoot.
2023-04-30 08:42:06.218800+00:00 [notice] <0.44.0> Application mnesia exited with reason: stopped
2023-04-30 08:42:06.922894+00:00 [info] <0.230.0> Waiting for Mnesia tables for 30000 ms, 9 retries left
2023-04-30 08:42:06.923516+00:00 [info] <0.230.0> Successfully synced tables from a peer
2023-04-30 08:42:06.943924+00:00 [info] <0.230.0> Feature flags: `feature_flags_v2`: supported, attempt to enable...
2023-04-30 08:42:06.995213+00:00 [notice] <0.289.0> Feature flags: attempt to enable `classic_mirrored_queue_version`...
2023-04-30 08:42:07.056915+00:00 [notice] <0.289.0> Feature flags: `classic_mirrored_queue_version` enabled
2023-04-30 08:42:07.058226+00:00 [notice] <0.289.0> Feature flags: attempt to enable `classic_queue_type_delivery_support`...
2023-04-30 08:42:07.076632+00:00 [notice] <0.289.0> Feature flags: attempt to enable `stream_queue`...
2023-04-30 08:42:07.122593+00:00 [notice] <0.289.0> Feature flags: `stream_queue` enabled
2023-04-30 08:42:07.153784+00:00 [notice] <0.289.0> Feature flags: `classic_queue_type_delivery_support` enabled
2023-04-30 08:42:07.154617+00:00 [notice] <0.289.0> Feature flags: attempt to enable `direct_exchange_routing_v2`...
2023-04-30 08:42:07.172898+00:00 [info] <0.501.0> Waiting for Mnesia tables for 30000 ms, 9 retries left
2023-04-30 08:42:07.173197+00:00 [info] <0.501.0> Successfully synced tables from a peer
2023-04-30 08:42:07.224394+00:00 [notice] <0.289.0> Feature flags: `direct_exchange_routing_v2` enabled
2023-04-30 08:42:07.225578+00:00 [notice] <0.289.0> Feature flags: attempt to enable `listener_records_in_ets`...
2023-04-30 08:42:07.362778+00:00 [notice] <0.289.0> Feature flags: `listener_records_in_ets` enabled
2023-04-30 08:42:07.364680+00:00 [notice] <0.289.0> Feature flags: attempt to enable `stream_sac_coordinator_unblock_group`...
2023-04-30 08:42:07.380198+00:00 [notice] <0.289.0> Feature flags: attempt to enable `stream_single_active_consumer`...
2023-04-30 08:42:07.420501+00:00 [notice] <0.289.0> Feature flags: `stream_single_active_consumer` enabled
2023-04-30 08:42:07.445395+00:00 [notice] <0.289.0> Feature flags: `stream_sac_coordinator_unblock_group` enabled
2023-04-30 08:42:07.446539+00:00 [notice] <0.289.0> Feature flags: attempt to enable `tracking_records_in_ets`...
2023-04-30 08:42:07.492472+00:00 [notice] <0.289.0> Feature flags: `tracking_records_in_ets` enabled
2023-04-30 08:42:07.494230+00:00 [info] <0.230.0> Waiting for Mnesia tables for 30000 ms, 9 retries left
2023-04-30 08:42:07.494495+00:00 [info] <0.230.0> Successfully synced tables from a peer
2023-04-30 08:42:07.525893+00:00 [info] <0.230.0> Waiting for Mnesia tables for 30000 ms, 9 retries left
2023-04-30 08:42:07.526167+00:00 [info] <0.230.0> Successfully synced tables from a peer
2023-04-30 08:42:07.526205+00:00 [info] <0.230.0> Peer discovery backend rabbit_peer_discovery_classic_config does not support registration, skipping registration.
2023-04-30 08:42:07.526231+00:00 [info] <0.230.0> Will try to unlock with peer discovery backend rabbit_peer_discovery_classic_config
2023-04-30 08:42:07.526341+00:00 [info] <0.230.0> Running boot step tracking_metadata_store defined by app rabbit
2023-04-30 08:42:07.526618+00:00 [info] <0.612.0> Setting up a table for connection tracking on this node: tracked_connection
2023-04-30 08:42:07.526703+00:00 [info] <0.612.0> Setting up a table for per-vhost connection counting on this node: tracked_connection_per_vhost
2023-04-30 08:42:07.526830+00:00 [info] <0.612.0> Setting up a table for per-user connection counting on this node: tracked_connection_per_user
2023-04-30 08:42:07.527000+00:00 [info] <0.612.0> Setting up a table for channel tracking on this node: tracked_channel
2023-04-30 08:42:07.527037+00:00 [info] <0.612.0> Setting up a table for channel tracking on this node: tracked_channel_per_user
2023-04-30 08:42:07.527337+00:00 [info] <0.230.0> Running boot step networking_metadata_store defined by app rabbit
2023-04-30 08:42:07.527522+00:00 [info] <0.230.0> Running boot step database_sync defined by app rabbit
2023-04-30 08:42:07.527599+00:00 [info] <0.230.0> Running boot step feature_flags defined by app rabbit
2023-04-30 08:42:07.527970+00:00 [info] <0.230.0> Running boot step codec_correctness_check defined by app rabbit
2023-04-30 08:42:07.528042+00:00 [info] <0.230.0> Running boot step external_infrastructure defined by app rabbit
2023-04-30 08:42:07.528091+00:00 [info] <0.230.0> Running boot step rabbit_event defined by app rabbit
2023-04-30 08:42:07.528617+00:00 [info] <0.230.0> Running boot step rabbit_registry defined by app rabbit
2023-04-30 08:42:07.528813+00:00 [info] <0.230.0> Running boot step rabbit_auth_mechanism_amqplain defined by app rabbit
2023-04-30 08:42:07.529029+00:00 [info] <0.230.0> Running boot step rabbit_auth_mechanism_cr_demo defined by app rabbit
2023-04-30 08:42:07.529229+00:00 [info] <0.230.0> Running boot step rabbit_auth_mechanism_plain defined by app rabbit
2023-04-30 08:42:07.529360+00:00 [info] <0.230.0> Running boot step rabbit_exchange_type_direct defined by app rabbit
2023-04-30 08:42:07.529520+00:00 [info] <0.230.0> Running boot step rabbit_exchange_type_fanout defined by app rabbit
2023-04-30 08:42:07.529738+00:00 [info] <0.230.0> Running boot step rabbit_exchange_type_headers defined by app rabbit
2023-04-30 08:42:07.529924+00:00 [info] <0.230.0> Running boot step rabbit_exchange_type_topic defined by app rabbit
2023-04-30 08:42:07.530043+00:00 [info] <0.230.0> Running boot step rabbit_mirror_queue_mode_all defined by app rabbit
2023-04-30 08:42:07.530227+00:00 [info] <0.230.0> Running boot step rabbit_mirror_queue_mode_exactly defined by app rabbit
2023-04-30 08:42:07.530343+00:00 [info] <0.230.0> Running boot step rabbit_mirror_queue_mode_nodes defined by app rabbit
2023-04-30 08:42:07.530500+00:00 [info] <0.230.0> Running boot step rabbit_priority_queue defined by app rabbit
2023-04-30 08:42:07.530647+00:00 [info] <0.230.0> Priority queues enabled, real BQ is rabbit_variable_queue
2023-04-30 08:42:07.530773+00:00 [info] <0.230.0> Running boot step rabbit_queue_location_client_local defined by app rabbit
2023-04-30 08:42:07.531190+00:00 [info] <0.230.0> Running boot step rabbit_queue_location_min_masters defined by app rabbit
2023-04-30 08:42:07.531366+00:00 [info] <0.230.0> Running boot step rabbit_queue_location_random defined by app rabbit
2023-04-30 08:42:07.531500+00:00 [info] <0.230.0> Running boot step kernel_ready defined by app rabbit
2023-04-30 08:42:07.531531+00:00 [info] <0.230.0> Running boot step rabbit_sysmon_minder defined by app rabbit
2023-04-30 08:42:07.531829+00:00 [info] <0.230.0> Running boot step rabbit_epmd_monitor defined by app rabbit
2023-04-30 08:42:07.533353+00:00 [info] <0.621.0> epmd monitor knows us, inter-node communication (distribution) port: 25672
2023-04-30 08:42:07.533691+00:00 [info] <0.230.0> Running boot step guid_generator defined by app rabbit
2023-04-30 08:42:07.542811+00:00 [info] <0.230.0> Running boot step rabbit_node_monitor defined by app rabbit
2023-04-30 08:42:07.543202+00:00 [info] <0.625.0> Starting rabbit_node_monitor
2023-04-30 08:42:07.543400+00:00 [info] <0.230.0> Running boot step delegate_sup defined by app rabbit
2023-04-30 08:42:07.544339+00:00 [info] <0.230.0> Running boot step rabbit_memory_monitor defined by app rabbit
2023-04-30 08:42:07.544818+00:00 [info] <0.230.0> Running boot step rabbit_fifo_dlx_sup defined by app rabbit
2023-04-30 08:42:07.544910+00:00 [info] <0.230.0> Running boot step core_initialized defined by app rabbit
2023-04-30 08:42:07.544928+00:00 [info] <0.230.0> Running boot step upgrade_queues defined by app rabbit
2023-04-30 08:42:07.563698+00:00 [info] <0.230.0> message_store upgrades: 1 to apply
2023-04-30 08:42:07.563938+00:00 [info] <0.230.0> message_store upgrades: Applying rabbit_variable_queue:move_messages_to_vhost_store
2023-04-30 08:42:07.564190+00:00 [info] <0.230.0> message_store upgrades: No durable queues found. Skipping message store migration
2023-04-30 08:42:07.564279+00:00 [info] <0.230.0> message_store upgrades: Removing the old message store data
2023-04-30 08:42:07.575090+00:00 [info] <0.230.0> message_store upgrades: All upgrades applied successfully
2023-04-30 08:42:07.599687+00:00 [info] <0.230.0> Running boot step channel_tracking defined by app rabbit
2023-04-30 08:42:07.599821+00:00 [info] <0.230.0> Running boot step rabbit_channel_tracking_handler defined by app rabbit
2023-04-30 08:42:07.599869+00:00 [info] <0.230.0> Running boot step connection_tracking defined by app rabbit
2023-04-30 08:42:07.599904+00:00 [info] <0.230.0> Running boot step rabbit_connection_tracking_handler defined by app rabbit
2023-04-30 08:42:07.599931+00:00 [info] <0.230.0> Running boot step rabbit_definitions_hashing defined by app rabbit
2023-04-30 08:42:07.600141+00:00 [info] <0.230.0> Running boot step rabbit_exchange_parameters defined by app rabbit
2023-04-30 08:42:07.600373+00:00 [info] <0.230.0> Running boot step rabbit_mirror_queue_misc defined by app rabbit
2023-04-30 08:42:07.601277+00:00 [info] <0.230.0> Running boot step rabbit_policies defined by app rabbit
2023-04-30 08:42:07.601790+00:00 [info] <0.230.0> Running boot step rabbit_policy defined by app rabbit
2023-04-30 08:42:07.601897+00:00 [info] <0.230.0> Running boot step rabbit_queue_location_validator defined by app rabbit
2023-04-30 08:42:07.601931+00:00 [info] <0.230.0> Running boot step rabbit_quorum_memory_manager defined by app rabbit
2023-04-30 08:42:07.601960+00:00 [info] <0.230.0> Running boot step rabbit_stream_coordinator defined by app rabbit
2023-04-30 08:42:07.603888+00:00 [info] <0.230.0> Running boot step rabbit_vhost_limit defined by app rabbit
2023-04-30 08:42:07.604108+00:00 [info] <0.230.0> Running boot step recovery defined by app rabbit
2023-04-30 08:42:07.609554+00:00 [info] <0.230.0> Running boot step empty_db_check defined by app rabbit
2023-04-30 08:42:07.609759+00:00 [info] <0.230.0> Will seed default virtual host and user...
2023-04-30 08:42:07.609910+00:00 [info] <0.230.0> Adding vhost '/' (description: 'Default virtual host', tags: [])
2023-04-30 08:42:07.632554+00:00 [info] <0.662.0> Making sure data directory '/var/lib/rabbitmq/mnesia/rabbit@31b00072387b/msg_stores/vhosts/628WB79CIFDYO9LJI6DKMI09L' for vhost '/' exists
2023-04-30 08:42:07.657858+00:00 [info] <0.662.0> Setting segment_entry_count for vhost '/' with 0 queues to '2048'
2023-04-30 08:42:07.681527+00:00 [info] <0.662.0> Starting message stores for vhost '/'
2023-04-30 08:42:07.682529+00:00 [info] <0.667.0> Message store "628WB79CIFDYO9LJI6DKMI09L/msg_store_transient": using rabbit_msg_store_ets_index to provide index
2023-04-30 08:42:07.707424+00:00 [info] <0.662.0> Started message store of type transient for vhost '/'
2023-04-30 08:42:07.708051+00:00 [info] <0.671.0> Message store "628WB79CIFDYO9LJI6DKMI09L/msg_store_persistent": using rabbit_msg_store_ets_index to provide index
2023-04-30 08:42:07.719935+00:00 [warning] <0.671.0> Message store "628WB79CIFDYO9LJI6DKMI09L/msg_store_persistent": rebuilding indices from scratch
2023-04-30 08:42:07.734160+00:00 [info] <0.662.0> Started message store of type persistent for vhost '/'
2023-04-30 08:42:07.734610+00:00 [info] <0.662.0> Recovering 0 queues of type rabbit_classic_queue took 70ms
2023-04-30 08:42:07.734713+00:00 [info] <0.662.0> Recovering 0 queues of type rabbit_quorum_queue took 0ms
2023-04-30 08:42:07.734762+00:00 [info] <0.662.0> Recovering 0 queues of type rabbit_stream_queue took 0ms
2023-04-30 08:42:07.741348+00:00 [info] <0.230.0> Created user 'guest'
2023-04-30 08:42:07.743785+00:00 [info] <0.230.0> Successfully set user tags for user 'guest' to [administrator]
2023-04-30 08:42:07.746282+00:00 [info] <0.230.0> Successfully set permissions for 'guest' in virtual host '/' to '.*', '.*', '.*'
2023-04-30 08:42:07.746549+00:00 [info] <0.230.0> Running boot step rabbit_observer_cli defined by app rabbit
2023-04-30 08:42:07.746829+00:00 [info] <0.230.0> Running boot step rabbit_looking_glass defined by app rabbit
2023-04-30 08:42:07.746939+00:00 [info] <0.230.0> Running boot step rabbit_core_metrics_gc defined by app rabbit
2023-04-30 08:42:07.747281+00:00 [info] <0.230.0> Running boot step background_gc defined by app rabbit
2023-04-30 08:42:07.747920+00:00 [info] <0.230.0> Running boot step routing_ready defined by app rabbit
2023-04-30 08:42:07.748093+00:00 [info] <0.230.0> Running boot step pre_flight defined by app rabbit
2023-04-30 08:42:07.748139+00:00 [info] <0.230.0> Running boot step notify_cluster defined by app rabbit
2023-04-30 08:42:07.748211+00:00 [info] <0.230.0> Running boot step networking defined by app rabbit
2023-04-30 08:42:07.748284+00:00 [info] <0.230.0> Running boot step definition_import_worker_pool defined by app rabbit
2023-04-30 08:42:07.748345+00:00 [info] <0.288.0> Starting worker pool 'definition_import_pool' with 8 processes in it
2023-04-30 08:42:07.749682+00:00 [info] <0.230.0> Running boot step cluster_name defined by app rabbit
2023-04-30 08:42:07.749918+00:00 [info] <0.230.0> Initialising internal cluster ID to 'rabbitmq-cluster-id-vv3QY42rKpA7EgcCZSXmJQ'
2023-04-30 08:42:07.751936+00:00 [info] <0.230.0> Running boot step direct_client defined by app rabbit
2023-04-30 08:42:07.752425+00:00 [info] <0.230.0> Running boot step rabbit_maintenance_mode_state defined by app rabbit
2023-04-30 08:42:07.752552+00:00 [info] <0.230.0> Creating table rabbit_node_maintenance_states for maintenance mode status
2023-04-30 08:42:07.777268+00:00 [info] <0.712.0> Resetting node maintenance status
2023-04-30 08:42:07.777496+00:00 [info] <0.712.0> Ready to start client connection listeners
2023-04-30 08:42:07.781286+00:00 [info] <0.730.0> started TCP listener on [::]:5672
2023-04-30 08:42:08.494905+00:00 [info] <0.712.0> Server startup complete; 0 plugins started.
2023-04-30 08:43:07.647755+00:00 [notice] <0.61.0> SIGTERM received - shutting down
2023-04-30 08:43:07.647755+00:00 [notice] <0.61.0> 
2023-04-30 08:43:07.651684+00:00 [info] <0.230.0> Peer discovery backend rabbit_peer_discovery_classic_config does not support registration, skipping unregistration.
2023-04-30 08:43:07.651989+00:00 [info] <0.730.0> stopped TCP listener on [::]:5672
2023-04-30 08:43:07.656224+00:00 [info] <0.731.0> Closing all connections in vhost '/' on node 'rabbit@31b00072387b' because the vhost is stopping
2023-04-30 08:43:07.656489+00:00 [info] <0.671.0> Stopping message store for directory '/var/lib/rabbitmq/mnesia/rabbit@31b00072387b/msg_stores/vhosts/628WB79CIFDYO9LJI6DKMI09L/msg_store_persistent'
2023-04-30 08:43:07.690588+00:00 [info] <0.671.0> Message store for directory '/var/lib/rabbitmq/mnesia/rabbit@31b00072387b/msg_stores/vhosts/628WB79CIFDYO9LJI6DKMI09L/msg_store_persistent' is stopped
2023-04-30 08:43:07.691067+00:00 [info] <0.667.0> Stopping message store for directory '/var/lib/rabbitmq/mnesia/rabbit@31b00072387b/msg_stores/vhosts/628WB79CIFDYO9LJI6DKMI09L/msg_store_transient'
2023-04-30 08:43:07.714720+00:00 [info] <0.667.0> Message store for directory '/var/lib/rabbitmq/mnesia/rabbit@31b00072387b/msg_stores/vhosts/628WB79CIFDYO9LJI6DKMI09L/msg_store_transient' is stopped
