2023-04-30 08:22:33.265869+00:00 [notice] <0.230.0> Logging: configured log handlers are now ACTIVE
2023-04-30 08:22:34.390480+00:00 [info] <0.230.0> ra: starting system quorum_queues
2023-04-30 08:22:34.390739+00:00 [info] <0.230.0> starting Ra system: quorum_queues in directory: /var/lib/rabbitmq/mnesia/rabbit@c6731ea67b55/quorum/rabbit@c6731ea67b55
2023-04-30 08:22:34.788972+00:00 [info] <0.267.0> ra system 'quorum_queues' running pre init for 0 registered servers
2023-04-30 08:22:34.877274+00:00 [info] <0.268.0> ra: meta data store initialised for system quorum_queues. 0 record(s) recovered
2023-04-30 08:22:34.962104+00:00 [notice] <0.273.0> WAL: ra_log_wal init, open tbls: ra_log_open_mem_tables, closed tbls: ra_log_closed_mem_tables
2023-04-30 08:22:35.008424+00:00 [info] <0.230.0> ra: starting system coordination
2023-04-30 08:22:35.008524+00:00 [info] <0.230.0> starting Ra system: coordination in directory: /var/lib/rabbitmq/mnesia/rabbit@c6731ea67b55/coordination/rabbit@c6731ea67b55
2023-04-30 08:22:35.045277+00:00 [info] <0.280.0> ra system 'coordination' running pre init for 0 registered servers
2023-04-30 08:22:35.063267+00:00 [info] <0.281.0> ra: meta data store initialised for system coordination. 0 record(s) recovered
2023-04-30 08:22:35.063928+00:00 [notice] <0.286.0> WAL: ra_coordination_log_wal init, open tbls: ra_coordination_log_open_mem_tables, closed tbls: ra_coordination_log_closed_mem_tables
2023-04-30 08:22:35.079713+00:00 [info] <0.230.0> 
2023-04-30 08:22:35.079713+00:00 [info] <0.230.0>  Starting RabbitMQ 3.11.14 on Erlang 25.3.1 [jit]
2023-04-30 08:22:35.079713+00:00 [info] <0.230.0>  Copyright (c) 2007-2023 VMware, Inc. or its affiliates.
2023-04-30 08:22:35.079713+00:00 [info] <0.230.0>  Licensed under the MPL 2.0. Website: https://rabbitmq.com
2023-04-30 08:22:35.084866+00:00 [info] <0.230.0> 
2023-04-30 08:22:35.084866+00:00 [info] <0.230.0>  node           : rabbit@c6731ea67b55
2023-04-30 08:22:35.084866+00:00 [info] <0.230.0>  home dir       : /var/lib/rabbitmq
2023-04-30 08:22:35.084866+00:00 [info] <0.230.0>  config file(s) : (none)
2023-04-30 08:22:35.084866+00:00 [info] <0.230.0>  cookie hash    : Et8XTFUM3Ej0sRZcy9UHRw==
2023-04-30 08:22:35.084866+00:00 [info] <0.230.0>  log(s)         : /var/log/rabbitmq/rabbit@c6731ea67b55.log
2023-04-30 08:22:35.084866+00:00 [info] <0.230.0>                 : /var/log/rabbitmq/rabbit@c6731ea67b55_upgrade.log
2023-04-30 08:22:35.084866+00:00 [info] <0.230.0>                 : <stdout>
2023-04-30 08:22:35.084866+00:00 [info] <0.230.0>  database dir   : /var/lib/rabbitmq/mnesia/rabbit@c6731ea67b55
2023-04-30 08:22:52.704827+00:00 [info] <0.230.0> Running boot step pre_boot defined by app rabbit
2023-04-30 08:22:52.704927+00:00 [info] <0.230.0> Running boot step rabbit_global_counters defined by app rabbit
2023-04-30 08:22:52.706019+00:00 [info] <0.230.0> Running boot step rabbit_osiris_metrics defined by app rabbit
2023-04-30 08:22:52.706842+00:00 [info] <0.230.0> Running boot step rabbit_core_metrics defined by app rabbit
2023-04-30 08:22:52.717414+00:00 [info] <0.230.0> Running boot step rabbit_alarm defined by app rabbit
2023-04-30 08:22:52.727863+00:00 [info] <0.298.0> Memory high watermark set to 3183 MiB (3338413670 bytes) of 7959 MiB (8346034176 bytes) total
2023-04-30 08:22:52.750532+00:00 [info] <0.300.0> Enabling free disk space monitoring (disk free space: 21889642496, total memory: 8346034176)
2023-04-30 08:22:52.750647+00:00 [info] <0.300.0> Disk free limit set to 50MB
2023-04-30 08:22:52.755629+00:00 [info] <0.230.0> Running boot step code_server_cache defined by app rabbit
2023-04-30 08:22:52.755867+00:00 [info] <0.230.0> Running boot step file_handle_cache defined by app rabbit
2023-04-30 08:22:52.756296+00:00 [info] <0.303.0> Limiting to approx 1048479 file handles (943629 sockets)
2023-04-30 08:22:52.756533+00:00 [info] <0.304.0> FHC read buffering: OFF
2023-04-30 08:22:52.756604+00:00 [info] <0.304.0> FHC write buffering: ON
2023-04-30 08:22:52.757563+00:00 [info] <0.230.0> Running boot step worker_pool defined by app rabbit
2023-04-30 08:22:52.757774+00:00 [info] <0.288.0> Will use 8 processes for default worker pool
2023-04-30 08:22:52.757841+00:00 [info] <0.288.0> Starting worker pool 'worker_pool' with 8 processes in it
2023-04-30 08:22:52.759223+00:00 [info] <0.230.0> Running boot step database defined by app rabbit
2023-04-30 08:22:52.761525+00:00 [info] <0.230.0> Node database directory at /var/lib/rabbitmq/mnesia/rabbit@c6731ea67b55 is empty. Assuming we need to join an existing cluster or initialise from scratch...
2023-04-30 08:22:52.761678+00:00 [info] <0.230.0> Configured peer discovery backend: rabbit_peer_discovery_classic_config
2023-04-30 08:22:52.761723+00:00 [info] <0.230.0> Will try to lock with peer discovery backend rabbit_peer_discovery_classic_config
2023-04-30 08:22:52.762009+00:00 [info] <0.230.0> All discovered existing cluster peers:
2023-04-30 08:22:52.762068+00:00 [info] <0.230.0> Discovered no peer nodes to cluster with. Some discovery backends can filter nodes out based on a readiness criteria. Enabling debug logging might help troubleshoot.
2023-04-30 08:22:52.765061+00:00 [notice] <0.44.0> Application mnesia exited with reason: stopped
2023-04-30 08:22:54.288444+00:00 [info] <0.230.0> Waiting for Mnesia tables for 30000 ms, 9 retries left
2023-04-30 08:22:54.288871+00:00 [info] <0.230.0> Successfully synced tables from a peer
2023-04-30 08:22:54.329410+00:00 [info] <0.230.0> Feature flags: `feature_flags_v2`: supported, attempt to enable...
2023-04-30 08:22:54.433806+00:00 [notice] <0.289.0> Feature flags: attempt to enable `classic_mirrored_queue_version`...
2023-04-30 08:22:54.606886+00:00 [notice] <0.289.0> Feature flags: `classic_mirrored_queue_version` enabled
2023-04-30 08:22:54.607928+00:00 [notice] <0.289.0> Feature flags: attempt to enable `classic_queue_type_delivery_support`...
2023-04-30 08:22:54.695082+00:00 [notice] <0.289.0> Feature flags: attempt to enable `stream_queue`...
2023-04-30 08:22:54.835997+00:00 [notice] <0.289.0> Feature flags: `stream_queue` enabled
2023-04-30 08:22:54.910534+00:00 [notice] <0.289.0> Feature flags: `classic_queue_type_delivery_support` enabled
2023-04-30 08:22:54.911482+00:00 [notice] <0.289.0> Feature flags: attempt to enable `direct_exchange_routing_v2`...
2023-04-30 08:22:54.980847+00:00 [info] <0.501.0> Waiting for Mnesia tables for 30000 ms, 9 retries left
2023-04-30 08:22:54.981065+00:00 [info] <0.501.0> Successfully synced tables from a peer
2023-04-30 08:22:55.144115+00:00 [notice] <0.289.0> Feature flags: `direct_exchange_routing_v2` enabled
2023-04-30 08:22:55.150793+00:00 [notice] <0.289.0> Feature flags: attempt to enable `listener_records_in_ets`...
2023-04-30 08:22:55.784439+00:00 [notice] <0.289.0> Feature flags: `listener_records_in_ets` enabled
2023-04-30 08:22:55.788576+00:00 [notice] <0.289.0> Feature flags: attempt to enable `stream_sac_coordinator_unblock_group`...
2023-04-30 08:22:55.835512+00:00 [notice] <0.289.0> Feature flags: attempt to enable `stream_single_active_consumer`...
2023-04-30 08:22:55.973993+00:00 [notice] <0.289.0> Feature flags: `stream_single_active_consumer` enabled
2023-04-30 08:22:56.070015+00:00 [notice] <0.289.0> Feature flags: `stream_sac_coordinator_unblock_group` enabled
2023-04-30 08:22:56.071891+00:00 [notice] <0.289.0> Feature flags: attempt to enable `tracking_records_in_ets`...
2023-04-30 08:22:56.314276+00:00 [notice] <0.289.0> Feature flags: `tracking_records_in_ets` enabled
2023-04-30 08:22:56.319255+00:00 [info] <0.230.0> Waiting for Mnesia tables for 30000 ms, 9 retries left
2023-04-30 08:22:56.319452+00:00 [info] <0.230.0> Successfully synced tables from a peer
2023-04-30 08:22:56.411179+00:00 [info] <0.230.0> Waiting for Mnesia tables for 30000 ms, 9 retries left
2023-04-30 08:22:56.411418+00:00 [info] <0.230.0> Successfully synced tables from a peer
2023-04-30 08:22:56.411469+00:00 [info] <0.230.0> Peer discovery backend rabbit_peer_discovery_classic_config does not support registration, skipping registration.
2023-04-30 08:22:56.411504+00:00 [info] <0.230.0> Will try to unlock with peer discovery backend rabbit_peer_discovery_classic_config
2023-04-30 08:22:56.411855+00:00 [info] <0.230.0> Running boot step tracking_metadata_store defined by app rabbit
2023-04-30 08:22:56.412039+00:00 [info] <0.612.0> Setting up a table for connection tracking on this node: tracked_connection
2023-04-30 08:22:56.412211+00:00 [info] <0.612.0> Setting up a table for per-vhost connection counting on this node: tracked_connection_per_vhost
2023-04-30 08:22:56.412325+00:00 [info] <0.612.0> Setting up a table for per-user connection counting on this node: tracked_connection_per_user
2023-04-30 08:22:56.412452+00:00 [info] <0.612.0> Setting up a table for channel tracking on this node: tracked_channel
2023-04-30 08:22:56.412567+00:00 [info] <0.612.0> Setting up a table for channel tracking on this node: tracked_channel_per_user
2023-04-30 08:22:56.412881+00:00 [info] <0.230.0> Running boot step networking_metadata_store defined by app rabbit
2023-04-30 08:22:56.413468+00:00 [info] <0.230.0> Running boot step database_sync defined by app rabbit
2023-04-30 08:22:56.413816+00:00 [info] <0.230.0> Running boot step feature_flags defined by app rabbit
2023-04-30 08:22:56.414156+00:00 [info] <0.230.0> Running boot step codec_correctness_check defined by app rabbit
2023-04-30 08:22:56.414297+00:00 [info] <0.230.0> Running boot step external_infrastructure defined by app rabbit
2023-04-30 08:22:56.414365+00:00 [info] <0.230.0> Running boot step rabbit_event defined by app rabbit
2023-04-30 08:22:56.414715+00:00 [info] <0.230.0> Running boot step rabbit_registry defined by app rabbit
2023-04-30 08:22:56.414969+00:00 [info] <0.230.0> Running boot step rabbit_auth_mechanism_amqplain defined by app rabbit
2023-04-30 08:22:56.415162+00:00 [info] <0.230.0> Running boot step rabbit_auth_mechanism_cr_demo defined by app rabbit
2023-04-30 08:22:56.415527+00:00 [info] <0.230.0> Running boot step rabbit_auth_mechanism_plain defined by app rabbit
2023-04-30 08:22:56.415715+00:00 [info] <0.230.0> Running boot step rabbit_exchange_type_direct defined by app rabbit
2023-04-30 08:22:56.415875+00:00 [info] <0.230.0> Running boot step rabbit_exchange_type_fanout defined by app rabbit
2023-04-30 08:22:56.416040+00:00 [info] <0.230.0> Running boot step rabbit_exchange_type_headers defined by app rabbit
2023-04-30 08:22:56.416212+00:00 [info] <0.230.0> Running boot step rabbit_exchange_type_topic defined by app rabbit
2023-04-30 08:22:56.416511+00:00 [info] <0.230.0> Running boot step rabbit_mirror_queue_mode_all defined by app rabbit
2023-04-30 08:22:56.417085+00:00 [info] <0.230.0> Running boot step rabbit_mirror_queue_mode_exactly defined by app rabbit
2023-04-30 08:22:56.417251+00:00 [info] <0.230.0> Running boot step rabbit_mirror_queue_mode_nodes defined by app rabbit
2023-04-30 08:22:56.417478+00:00 [info] <0.230.0> Running boot step rabbit_priority_queue defined by app rabbit
2023-04-30 08:22:56.417548+00:00 [info] <0.230.0> Priority queues enabled, real BQ is rabbit_variable_queue
2023-04-30 08:22:56.417676+00:00 [info] <0.230.0> Running boot step rabbit_queue_location_client_local defined by app rabbit
2023-04-30 08:22:56.417818+00:00 [info] <0.230.0> Running boot step rabbit_queue_location_min_masters defined by app rabbit
2023-04-30 08:22:56.417944+00:00 [info] <0.230.0> Running boot step rabbit_queue_location_random defined by app rabbit
2023-04-30 08:22:56.418059+00:00 [info] <0.230.0> Running boot step kernel_ready defined by app rabbit
2023-04-30 08:22:56.418102+00:00 [info] <0.230.0> Running boot step rabbit_sysmon_minder defined by app rabbit
2023-04-30 08:22:56.418844+00:00 [info] <0.230.0> Running boot step rabbit_epmd_monitor defined by app rabbit
2023-04-30 08:22:56.427379+00:00 [info] <0.621.0> epmd monitor knows us, inter-node communication (distribution) port: 25672
2023-04-30 08:22:56.427692+00:00 [info] <0.230.0> Running boot step guid_generator defined by app rabbit
2023-04-30 08:22:56.456734+00:00 [info] <0.230.0> Running boot step rabbit_node_monitor defined by app rabbit
2023-04-30 08:22:56.457220+00:00 [info] <0.625.0> Starting rabbit_node_monitor
2023-04-30 08:22:56.457519+00:00 [info] <0.230.0> Running boot step delegate_sup defined by app rabbit
2023-04-30 08:22:56.458665+00:00 [info] <0.230.0> Running boot step rabbit_memory_monitor defined by app rabbit
2023-04-30 08:22:56.459121+00:00 [info] <0.230.0> Running boot step rabbit_fifo_dlx_sup defined by app rabbit
2023-04-30 08:22:56.459247+00:00 [info] <0.230.0> Running boot step core_initialized defined by app rabbit
2023-04-30 08:22:56.459284+00:00 [info] <0.230.0> Running boot step upgrade_queues defined by app rabbit
2023-04-30 08:22:56.491540+00:00 [info] <0.230.0> message_store upgrades: 1 to apply
2023-04-30 08:22:56.492145+00:00 [info] <0.230.0> message_store upgrades: Applying rabbit_variable_queue:move_messages_to_vhost_store
2023-04-30 08:22:56.492569+00:00 [info] <0.230.0> message_store upgrades: No durable queues found. Skipping message store migration
2023-04-30 08:22:56.492696+00:00 [info] <0.230.0> message_store upgrades: Removing the old message store data
2023-04-30 08:22:56.538489+00:00 [info] <0.230.0> message_store upgrades: All upgrades applied successfully
2023-04-30 08:22:56.589944+00:00 [info] <0.230.0> Running boot step channel_tracking defined by app rabbit
2023-04-30 08:22:56.590079+00:00 [info] <0.230.0> Running boot step rabbit_channel_tracking_handler defined by app rabbit
2023-04-30 08:22:56.590311+00:00 [info] <0.230.0> Running boot step connection_tracking defined by app rabbit
2023-04-30 08:22:56.590424+00:00 [info] <0.230.0> Running boot step rabbit_connection_tracking_handler defined by app rabbit
2023-04-30 08:22:56.590664+00:00 [info] <0.230.0> Running boot step rabbit_definitions_hashing defined by app rabbit
2023-04-30 08:22:56.590919+00:00 [info] <0.230.0> Running boot step rabbit_exchange_parameters defined by app rabbit
2023-04-30 08:22:56.591252+00:00 [info] <0.230.0> Running boot step rabbit_mirror_queue_misc defined by app rabbit
2023-04-30 08:22:56.592262+00:00 [info] <0.230.0> Running boot step rabbit_policies defined by app rabbit
2023-04-30 08:22:56.593049+00:00 [info] <0.230.0> Running boot step rabbit_policy defined by app rabbit
2023-04-30 08:22:56.593240+00:00 [info] <0.230.0> Running boot step rabbit_queue_location_validator defined by app rabbit
2023-04-30 08:22:56.593318+00:00 [info] <0.230.0> Running boot step rabbit_quorum_memory_manager defined by app rabbit
2023-04-30 08:22:56.593498+00:00 [info] <0.230.0> Running boot step rabbit_stream_coordinator defined by app rabbit
2023-04-30 08:22:56.601924+00:00 [info] <0.230.0> Running boot step rabbit_vhost_limit defined by app rabbit
2023-04-30 08:22:56.602233+00:00 [info] <0.230.0> Running boot step recovery defined by app rabbit
2023-04-30 08:22:56.607974+00:00 [info] <0.230.0> Running boot step empty_db_check defined by app rabbit
2023-04-30 08:22:56.608176+00:00 [info] <0.230.0> Will seed default virtual host and user...
2023-04-30 08:22:56.608314+00:00 [info] <0.230.0> Adding vhost '/' (description: 'Default virtual host', tags: [])
2023-04-30 08:22:56.656665+00:00 [info] <0.662.0> Making sure data directory '/var/lib/rabbitmq/mnesia/rabbit@c6731ea67b55/msg_stores/vhosts/628WB79CIFDYO9LJI6DKMI09L' for vhost '/' exists
2023-04-30 08:22:56.718883+00:00 [info] <0.662.0> Setting segment_entry_count for vhost '/' with 0 queues to '2048'
2023-04-30 08:22:56.763875+00:00 [info] <0.662.0> Starting message stores for vhost '/'
2023-04-30 08:22:56.764725+00:00 [info] <0.667.0> Message store "628WB79CIFDYO9LJI6DKMI09L/msg_store_transient": using rabbit_msg_store_ets_index to provide index
2023-04-30 08:22:56.870968+00:00 [info] <0.662.0> Started message store of type transient for vhost '/'
2023-04-30 08:22:56.871346+00:00 [info] <0.671.0> Message store "628WB79CIFDYO9LJI6DKMI09L/msg_store_persistent": using rabbit_msg_store_ets_index to provide index
2023-04-30 08:22:56.902454+00:00 [warning] <0.671.0> Message store "628WB79CIFDYO9LJI6DKMI09L/msg_store_persistent": rebuilding indices from scratch
2023-04-30 08:22:56.945038+00:00 [info] <0.662.0> Started message store of type persistent for vhost '/'
2023-04-30 08:22:56.945442+00:00 [info] <0.662.0> Recovering 0 queues of type rabbit_classic_queue took 214ms
2023-04-30 08:22:56.945538+00:00 [info] <0.662.0> Recovering 0 queues of type rabbit_quorum_queue took 0ms
2023-04-30 08:22:56.945743+00:00 [info] <0.662.0> Recovering 0 queues of type rabbit_stream_queue took 0ms
2023-04-30 08:22:56.957862+00:00 [info] <0.230.0> Created user 'guest'
2023-04-30 08:22:56.961338+00:00 [info] <0.230.0> Successfully set user tags for user 'guest' to [administrator]
2023-04-30 08:22:56.963671+00:00 [info] <0.230.0> Successfully set permissions for 'guest' in virtual host '/' to '.*', '.*', '.*'
2023-04-30 08:22:56.963861+00:00 [info] <0.230.0> Running boot step rabbit_observer_cli defined by app rabbit
2023-04-30 08:22:56.964157+00:00 [info] <0.230.0> Running boot step rabbit_looking_glass defined by app rabbit
2023-04-30 08:22:56.964240+00:00 [info] <0.230.0> Running boot step rabbit_core_metrics_gc defined by app rabbit
2023-04-30 08:22:56.964760+00:00 [info] <0.230.0> Running boot step background_gc defined by app rabbit
2023-04-30 08:22:56.965454+00:00 [info] <0.230.0> Running boot step routing_ready defined by app rabbit
2023-04-30 08:22:56.965588+00:00 [info] <0.230.0> Running boot step pre_flight defined by app rabbit
2023-04-30 08:22:56.965633+00:00 [info] <0.230.0> Running boot step notify_cluster defined by app rabbit
2023-04-30 08:22:56.965679+00:00 [info] <0.230.0> Running boot step networking defined by app rabbit
2023-04-30 08:22:56.965726+00:00 [info] <0.230.0> Running boot step definition_import_worker_pool defined by app rabbit
2023-04-30 08:22:56.965818+00:00 [info] <0.288.0> Starting worker pool 'definition_import_pool' with 8 processes in it
2023-04-30 08:22:56.967271+00:00 [info] <0.230.0> Running boot step cluster_name defined by app rabbit
2023-04-30 08:22:56.967673+00:00 [info] <0.230.0> Initialising internal cluster ID to 'rabbitmq-cluster-id-X2eYAqfDHIcW0mXOni0QvA'
2023-04-30 08:22:56.971588+00:00 [info] <0.230.0> Running boot step direct_client defined by app rabbit
2023-04-30 08:22:56.971880+00:00 [info] <0.230.0> Running boot step rabbit_maintenance_mode_state defined by app rabbit
2023-04-30 08:22:56.972000+00:00 [info] <0.230.0> Creating table rabbit_node_maintenance_states for maintenance mode status
2023-04-30 08:22:57.064004+00:00 [info] <0.712.0> Resetting node maintenance status
2023-04-30 08:22:57.064778+00:00 [info] <0.712.0> Ready to start client connection listeners
2023-04-30 08:22:57.069821+00:00 [info] <0.730.0> started TCP listener on [::]:5672
2023-04-30 08:22:59.200048+00:00 [info] <0.712.0> Server startup complete; 0 plugins started.
2023-04-30 08:23:35.411754+00:00 [notice] <0.61.0> SIGTERM received - shutting down
2023-04-30 08:23:35.411754+00:00 [notice] <0.61.0> 
2023-04-30 08:23:35.414613+00:00 [info] <0.230.0> Peer discovery backend rabbit_peer_discovery_classic_config does not support registration, skipping unregistration.
2023-04-30 08:23:35.415008+00:00 [info] <0.730.0> stopped TCP listener on [::]:5672
2023-04-30 08:23:35.418400+00:00 [info] <0.731.0> Closing all connections in vhost '/' on node 'rabbit@c6731ea67b55' because the vhost is stopping
2023-04-30 08:23:35.418862+00:00 [info] <0.671.0> Stopping message store for directory '/var/lib/rabbitmq/mnesia/rabbit@c6731ea67b55/msg_stores/vhosts/628WB79CIFDYO9LJI6DKMI09L/msg_store_persistent'
2023-04-30 08:23:35.482277+00:00 [info] <0.671.0> Message store for directory '/var/lib/rabbitmq/mnesia/rabbit@c6731ea67b55/msg_stores/vhosts/628WB79CIFDYO9LJI6DKMI09L/msg_store_persistent' is stopped
2023-04-30 08:23:35.483410+00:00 [info] <0.667.0> Stopping message store for directory '/var/lib/rabbitmq/mnesia/rabbit@c6731ea67b55/msg_stores/vhosts/628WB79CIFDYO9LJI6DKMI09L/msg_store_transient'
2023-04-30 08:23:35.536038+00:00 [info] <0.667.0> Message store for directory '/var/lib/rabbitmq/mnesia/rabbit@c6731ea67b55/msg_stores/vhosts/628WB79CIFDYO9LJI6DKMI09L/msg_store_transient' is stopped
