2023-04-30 08:17:42.571247+00:00 [notice] <0.230.0> Logging: configured log handlers are now ACTIVE
2023-04-30 08:17:43.241473+00:00 [info] <0.230.0> ra: starting system quorum_queues
2023-04-30 08:17:43.241844+00:00 [info] <0.230.0> starting Ra system: quorum_queues in directory: /var/lib/rabbitmq/mnesia/rabbit@7220e1dce03c/quorum/rabbit@7220e1dce03c
2023-04-30 08:17:43.543002+00:00 [info] <0.267.0> ra system 'quorum_queues' running pre init for 0 registered servers
2023-04-30 08:17:43.597448+00:00 [info] <0.268.0> ra: meta data store initialised for system quorum_queues. 0 record(s) recovered
2023-04-30 08:17:43.648868+00:00 [notice] <0.273.0> WAL: ra_log_wal init, open tbls: ra_log_open_mem_tables, closed tbls: ra_log_closed_mem_tables
2023-04-30 08:17:43.720697+00:00 [info] <0.230.0> ra: starting system coordination
2023-04-30 08:17:43.721011+00:00 [info] <0.230.0> starting Ra system: coordination in directory: /var/lib/rabbitmq/mnesia/rabbit@7220e1dce03c/coordination/rabbit@7220e1dce03c
2023-04-30 08:17:43.801819+00:00 [info] <0.280.0> ra system 'coordination' running pre init for 0 registered servers
2023-04-30 08:17:43.826532+00:00 [info] <0.281.0> ra: meta data store initialised for system coordination. 0 record(s) recovered
2023-04-30 08:17:43.827065+00:00 [notice] <0.286.0> WAL: ra_coordination_log_wal init, open tbls: ra_coordination_log_open_mem_tables, closed tbls: ra_coordination_log_closed_mem_tables
2023-04-30 08:17:43.844189+00:00 [info] <0.230.0> 
2023-04-30 08:17:43.844189+00:00 [info] <0.230.0>  Starting RabbitMQ 3.11.14 on Erlang 25.3.1 [jit]
2023-04-30 08:17:43.844189+00:00 [info] <0.230.0>  Copyright (c) 2007-2023 VMware, Inc. or its affiliates.
2023-04-30 08:17:43.844189+00:00 [info] <0.230.0>  Licensed under the MPL 2.0. Website: https://rabbitmq.com
2023-04-30 08:17:43.856190+00:00 [info] <0.230.0> 
2023-04-30 08:17:43.856190+00:00 [info] <0.230.0>  node           : rabbit@7220e1dce03c
2023-04-30 08:17:43.856190+00:00 [info] <0.230.0>  home dir       : /var/lib/rabbitmq
2023-04-30 08:17:43.856190+00:00 [info] <0.230.0>  config file(s) : (none)
2023-04-30 08:17:43.856190+00:00 [info] <0.230.0>  cookie hash    : Et8XTFUM3Ej0sRZcy9UHRw==
2023-04-30 08:17:43.856190+00:00 [info] <0.230.0>  log(s)         : /var/log/rabbitmq/rabbit@7220e1dce03c.log
2023-04-30 08:17:43.856190+00:00 [info] <0.230.0>                 : /var/log/rabbitmq/rabbit@7220e1dce03c_upgrade.log
2023-04-30 08:17:43.856190+00:00 [info] <0.230.0>                 : <stdout>
2023-04-30 08:17:43.856190+00:00 [info] <0.230.0>  database dir   : /var/lib/rabbitmq/mnesia/rabbit@7220e1dce03c
2023-04-30 08:17:58.939116+00:00 [info] <0.230.0> Running boot step pre_boot defined by app rabbit
2023-04-30 08:17:58.939257+00:00 [info] <0.230.0> Running boot step rabbit_global_counters defined by app rabbit
2023-04-30 08:17:58.941015+00:00 [info] <0.230.0> Running boot step rabbit_osiris_metrics defined by app rabbit
2023-04-30 08:17:58.941277+00:00 [info] <0.230.0> Running boot step rabbit_core_metrics defined by app rabbit
2023-04-30 08:17:58.943065+00:00 [info] <0.230.0> Running boot step rabbit_alarm defined by app rabbit
2023-04-30 08:17:58.974405+00:00 [info] <0.298.0> Memory high watermark set to 3183 MiB (3338413670 bytes) of 7959 MiB (8346034176 bytes) total
2023-04-30 08:17:58.997310+00:00 [info] <0.300.0> Enabling free disk space monitoring (disk free space: 21412864000, total memory: 8346034176)
2023-04-30 08:17:58.997598+00:00 [info] <0.300.0> Disk free limit set to 50MB
2023-04-30 08:17:59.036542+00:00 [info] <0.230.0> Running boot step code_server_cache defined by app rabbit
2023-04-30 08:17:59.037031+00:00 [info] <0.230.0> Running boot step file_handle_cache defined by app rabbit
2023-04-30 08:17:59.037666+00:00 [info] <0.303.0> Limiting to approx 1048479 file handles (943629 sockets)
2023-04-30 08:17:59.038149+00:00 [info] <0.304.0> FHC read buffering: OFF
2023-04-30 08:17:59.038225+00:00 [info] <0.304.0> FHC write buffering: ON
2023-04-30 08:17:59.039327+00:00 [info] <0.230.0> Running boot step worker_pool defined by app rabbit
2023-04-30 08:17:59.039477+00:00 [info] <0.288.0> Will use 8 processes for default worker pool
2023-04-30 08:17:59.039531+00:00 [info] <0.288.0> Starting worker pool 'worker_pool' with 8 processes in it
2023-04-30 08:17:59.040894+00:00 [info] <0.230.0> Running boot step database defined by app rabbit
2023-04-30 08:17:59.048791+00:00 [info] <0.230.0> Node database directory at /var/lib/rabbitmq/mnesia/rabbit@7220e1dce03c is empty. Assuming we need to join an existing cluster or initialise from scratch...
2023-04-30 08:17:59.049028+00:00 [info] <0.230.0> Configured peer discovery backend: rabbit_peer_discovery_classic_config
2023-04-30 08:17:59.049078+00:00 [info] <0.230.0> Will try to lock with peer discovery backend rabbit_peer_discovery_classic_config
2023-04-30 08:17:59.049233+00:00 [info] <0.230.0> All discovered existing cluster peers:
2023-04-30 08:17:59.049267+00:00 [info] <0.230.0> Discovered no peer nodes to cluster with. Some discovery backends can filter nodes out based on a readiness criteria. Enabling debug logging might help troubleshoot.
2023-04-30 08:17:59.053114+00:00 [notice] <0.44.0> Application mnesia exited with reason: stopped
2023-04-30 08:18:00.184953+00:00 [info] <0.230.0> Waiting for Mnesia tables for 30000 ms, 9 retries left
2023-04-30 08:18:00.185270+00:00 [info] <0.230.0> Successfully synced tables from a peer
2023-04-30 08:18:00.218242+00:00 [info] <0.230.0> Feature flags: `feature_flags_v2`: supported, attempt to enable...
2023-04-30 08:18:00.314878+00:00 [notice] <0.289.0> Feature flags: attempt to enable `classic_mirrored_queue_version`...
2023-04-30 08:18:00.416052+00:00 [notice] <0.289.0> Feature flags: `classic_mirrored_queue_version` enabled
2023-04-30 08:18:00.417925+00:00 [notice] <0.289.0> Feature flags: attempt to enable `classic_queue_type_delivery_support`...
2023-04-30 08:18:00.453493+00:00 [notice] <0.289.0> Feature flags: attempt to enable `stream_queue`...
2023-04-30 08:18:00.597600+00:00 [notice] <0.289.0> Feature flags: `stream_queue` enabled
2023-04-30 08:18:00.667634+00:00 [notice] <0.289.0> Feature flags: `classic_queue_type_delivery_support` enabled
2023-04-30 08:18:00.668459+00:00 [notice] <0.289.0> Feature flags: attempt to enable `direct_exchange_routing_v2`...
2023-04-30 08:18:00.721564+00:00 [info] <0.501.0> Waiting for Mnesia tables for 30000 ms, 9 retries left
2023-04-30 08:18:00.721818+00:00 [info] <0.501.0> Successfully synced tables from a peer
2023-04-30 08:18:00.794236+00:00 [notice] <0.289.0> Feature flags: `direct_exchange_routing_v2` enabled
2023-04-30 08:18:00.795498+00:00 [notice] <0.289.0> Feature flags: attempt to enable `listener_records_in_ets`...
2023-04-30 08:18:01.014393+00:00 [notice] <0.289.0> Feature flags: `listener_records_in_ets` enabled
2023-04-30 08:18:01.017303+00:00 [notice] <0.289.0> Feature flags: attempt to enable `stream_sac_coordinator_unblock_group`...
2023-04-30 08:18:01.055295+00:00 [notice] <0.289.0> Feature flags: attempt to enable `stream_single_active_consumer`...
2023-04-30 08:18:01.127647+00:00 [notice] <0.289.0> Feature flags: `stream_single_active_consumer` enabled
2023-04-30 08:18:01.185487+00:00 [notice] <0.289.0> Feature flags: `stream_sac_coordinator_unblock_group` enabled
2023-04-30 08:18:01.186510+00:00 [notice] <0.289.0> Feature flags: attempt to enable `tracking_records_in_ets`...
2023-04-30 08:18:01.278034+00:00 [notice] <0.289.0> Feature flags: `tracking_records_in_ets` enabled
2023-04-30 08:18:01.279652+00:00 [info] <0.230.0> Waiting for Mnesia tables for 30000 ms, 9 retries left
2023-04-30 08:18:01.279818+00:00 [info] <0.230.0> Successfully synced tables from a peer
2023-04-30 08:18:01.324798+00:00 [info] <0.230.0> Waiting for Mnesia tables for 30000 ms, 9 retries left
2023-04-30 08:18:01.326072+00:00 [info] <0.230.0> Successfully synced tables from a peer
2023-04-30 08:18:01.326300+00:00 [info] <0.230.0> Peer discovery backend rabbit_peer_discovery_classic_config does not support registration, skipping registration.
2023-04-30 08:18:01.326383+00:00 [info] <0.230.0> Will try to unlock with peer discovery backend rabbit_peer_discovery_classic_config
2023-04-30 08:18:01.326881+00:00 [info] <0.230.0> Running boot step tracking_metadata_store defined by app rabbit
2023-04-30 08:18:01.327163+00:00 [info] <0.612.0> Setting up a table for connection tracking on this node: tracked_connection
2023-04-30 08:18:01.327248+00:00 [info] <0.612.0> Setting up a table for per-vhost connection counting on this node: tracked_connection_per_vhost
2023-04-30 08:18:01.327331+00:00 [info] <0.612.0> Setting up a table for per-user connection counting on this node: tracked_connection_per_user
2023-04-30 08:18:01.327452+00:00 [info] <0.612.0> Setting up a table for channel tracking on this node: tracked_channel
2023-04-30 08:18:01.327506+00:00 [info] <0.612.0> Setting up a table for channel tracking on this node: tracked_channel_per_user
2023-04-30 08:18:01.327717+00:00 [info] <0.230.0> Running boot step networking_metadata_store defined by app rabbit
2023-04-30 08:18:01.327990+00:00 [info] <0.230.0> Running boot step database_sync defined by app rabbit
2023-04-30 08:18:01.328206+00:00 [info] <0.230.0> Running boot step feature_flags defined by app rabbit
2023-04-30 08:18:01.328504+00:00 [info] <0.230.0> Running boot step codec_correctness_check defined by app rabbit
2023-04-30 08:18:01.328564+00:00 [info] <0.230.0> Running boot step external_infrastructure defined by app rabbit
2023-04-30 08:18:01.328596+00:00 [info] <0.230.0> Running boot step rabbit_event defined by app rabbit
2023-04-30 08:18:01.329007+00:00 [info] <0.230.0> Running boot step rabbit_registry defined by app rabbit
2023-04-30 08:18:01.329240+00:00 [info] <0.230.0> Running boot step rabbit_auth_mechanism_amqplain defined by app rabbit
2023-04-30 08:18:01.329348+00:00 [info] <0.230.0> Running boot step rabbit_auth_mechanism_cr_demo defined by app rabbit
2023-04-30 08:18:01.329532+00:00 [info] <0.230.0> Running boot step rabbit_auth_mechanism_plain defined by app rabbit
2023-04-30 08:18:01.329678+00:00 [info] <0.230.0> Running boot step rabbit_exchange_type_direct defined by app rabbit
2023-04-30 08:18:01.329941+00:00 [info] <0.230.0> Running boot step rabbit_exchange_type_fanout defined by app rabbit
2023-04-30 08:18:01.330135+00:00 [info] <0.230.0> Running boot step rabbit_exchange_type_headers defined by app rabbit
2023-04-30 08:18:01.330196+00:00 [info] <0.230.0> Running boot step rabbit_exchange_type_topic defined by app rabbit
2023-04-30 08:18:01.330235+00:00 [info] <0.230.0> Running boot step rabbit_mirror_queue_mode_all defined by app rabbit
2023-04-30 08:18:01.330275+00:00 [info] <0.230.0> Running boot step rabbit_mirror_queue_mode_exactly defined by app rabbit
2023-04-30 08:18:01.330317+00:00 [info] <0.230.0> Running boot step rabbit_mirror_queue_mode_nodes defined by app rabbit
2023-04-30 08:18:01.330358+00:00 [info] <0.230.0> Running boot step rabbit_priority_queue defined by app rabbit
2023-04-30 08:18:01.330402+00:00 [info] <0.230.0> Priority queues enabled, real BQ is rabbit_variable_queue
2023-04-30 08:18:01.330590+00:00 [info] <0.230.0> Running boot step rabbit_queue_location_client_local defined by app rabbit
2023-04-30 08:18:01.330781+00:00 [info] <0.230.0> Running boot step rabbit_queue_location_min_masters defined by app rabbit
2023-04-30 08:18:01.330846+00:00 [info] <0.230.0> Running boot step rabbit_queue_location_random defined by app rabbit
2023-04-30 08:18:01.330884+00:00 [info] <0.230.0> Running boot step kernel_ready defined by app rabbit
2023-04-30 08:18:01.330907+00:00 [info] <0.230.0> Running boot step rabbit_sysmon_minder defined by app rabbit
2023-04-30 08:18:01.331131+00:00 [info] <0.230.0> Running boot step rabbit_epmd_monitor defined by app rabbit
2023-04-30 08:18:01.332941+00:00 [info] <0.621.0> epmd monitor knows us, inter-node communication (distribution) port: 25672
2023-04-30 08:18:01.333270+00:00 [info] <0.230.0> Running boot step guid_generator defined by app rabbit
2023-04-30 08:18:01.348358+00:00 [info] <0.230.0> Running boot step rabbit_node_monitor defined by app rabbit
2023-04-30 08:18:01.348774+00:00 [info] <0.625.0> Starting rabbit_node_monitor
2023-04-30 08:18:01.349951+00:00 [info] <0.230.0> Running boot step delegate_sup defined by app rabbit
2023-04-30 08:18:01.350682+00:00 [info] <0.230.0> Running boot step rabbit_memory_monitor defined by app rabbit
2023-04-30 08:18:01.353582+00:00 [info] <0.230.0> Running boot step rabbit_fifo_dlx_sup defined by app rabbit
2023-04-30 08:18:01.353821+00:00 [info] <0.230.0> Running boot step core_initialized defined by app rabbit
2023-04-30 08:18:01.353878+00:00 [info] <0.230.0> Running boot step upgrade_queues defined by app rabbit
2023-04-30 08:18:01.413287+00:00 [info] <0.230.0> message_store upgrades: 1 to apply
2023-04-30 08:18:01.414028+00:00 [info] <0.230.0> message_store upgrades: Applying rabbit_variable_queue:move_messages_to_vhost_store
2023-04-30 08:18:01.414364+00:00 [info] <0.230.0> message_store upgrades: No durable queues found. Skipping message store migration
2023-04-30 08:18:01.414419+00:00 [info] <0.230.0> message_store upgrades: Removing the old message store data
2023-04-30 08:18:01.440606+00:00 [info] <0.230.0> message_store upgrades: All upgrades applied successfully
2023-04-30 08:18:01.476224+00:00 [info] <0.230.0> Running boot step channel_tracking defined by app rabbit
2023-04-30 08:18:01.476454+00:00 [info] <0.230.0> Running boot step rabbit_channel_tracking_handler defined by app rabbit
2023-04-30 08:18:01.476747+00:00 [info] <0.230.0> Running boot step connection_tracking defined by app rabbit
2023-04-30 08:18:01.476851+00:00 [info] <0.230.0> Running boot step rabbit_connection_tracking_handler defined by app rabbit
2023-04-30 08:18:01.476991+00:00 [info] <0.230.0> Running boot step rabbit_definitions_hashing defined by app rabbit
2023-04-30 08:18:01.477175+00:00 [info] <0.230.0> Running boot step rabbit_exchange_parameters defined by app rabbit
2023-04-30 08:18:01.477326+00:00 [info] <0.230.0> Running boot step rabbit_mirror_queue_misc defined by app rabbit
2023-04-30 08:18:01.477839+00:00 [info] <0.230.0> Running boot step rabbit_policies defined by app rabbit
2023-04-30 08:18:01.478643+00:00 [info] <0.230.0> Running boot step rabbit_policy defined by app rabbit
2023-04-30 08:18:01.478852+00:00 [info] <0.230.0> Running boot step rabbit_queue_location_validator defined by app rabbit
2023-04-30 08:18:01.478917+00:00 [info] <0.230.0> Running boot step rabbit_quorum_memory_manager defined by app rabbit
2023-04-30 08:18:01.479041+00:00 [info] <0.230.0> Running boot step rabbit_stream_coordinator defined by app rabbit
2023-04-30 08:18:01.482049+00:00 [info] <0.230.0> Running boot step rabbit_vhost_limit defined by app rabbit
2023-04-30 08:18:01.482306+00:00 [info] <0.230.0> Running boot step recovery defined by app rabbit
2023-04-30 08:18:01.485148+00:00 [info] <0.230.0> Running boot step empty_db_check defined by app rabbit
2023-04-30 08:18:01.485318+00:00 [info] <0.230.0> Will seed default virtual host and user...
2023-04-30 08:18:01.485423+00:00 [info] <0.230.0> Adding vhost '/' (description: 'Default virtual host', tags: [])
2023-04-30 08:18:01.510616+00:00 [info] <0.662.0> Making sure data directory '/var/lib/rabbitmq/mnesia/rabbit@7220e1dce03c/msg_stores/vhosts/628WB79CIFDYO9LJI6DKMI09L' for vhost '/' exists
2023-04-30 08:18:01.540972+00:00 [info] <0.662.0> Setting segment_entry_count for vhost '/' with 0 queues to '2048'
2023-04-30 08:18:01.557912+00:00 [info] <0.662.0> Starting message stores for vhost '/'
2023-04-30 08:18:01.560511+00:00 [info] <0.667.0> Message store "628WB79CIFDYO9LJI6DKMI09L/msg_store_transient": using rabbit_msg_store_ets_index to provide index
2023-04-30 08:18:01.588540+00:00 [info] <0.662.0> Started message store of type transient for vhost '/'
2023-04-30 08:18:01.588954+00:00 [info] <0.671.0> Message store "628WB79CIFDYO9LJI6DKMI09L/msg_store_persistent": using rabbit_msg_store_ets_index to provide index
2023-04-30 08:18:01.600169+00:00 [warning] <0.671.0> Message store "628WB79CIFDYO9LJI6DKMI09L/msg_store_persistent": rebuilding indices from scratch
2023-04-30 08:18:01.610990+00:00 [info] <0.662.0> Started message store of type persistent for vhost '/'
2023-04-30 08:18:01.611356+00:00 [info] <0.662.0> Recovering 0 queues of type rabbit_classic_queue took 63ms
2023-04-30 08:18:01.611466+00:00 [info] <0.662.0> Recovering 0 queues of type rabbit_quorum_queue took 0ms
2023-04-30 08:18:01.611544+00:00 [info] <0.662.0> Recovering 0 queues of type rabbit_stream_queue took 0ms
2023-04-30 08:18:01.617187+00:00 [info] <0.230.0> Created user 'guest'
2023-04-30 08:18:01.619591+00:00 [info] <0.230.0> Successfully set user tags for user 'guest' to [administrator]
2023-04-30 08:18:01.621521+00:00 [info] <0.230.0> Successfully set permissions for 'guest' in virtual host '/' to '.*', '.*', '.*'
2023-04-30 08:18:01.621677+00:00 [info] <0.230.0> Running boot step rabbit_observer_cli defined by app rabbit
2023-04-30 08:18:01.621855+00:00 [info] <0.230.0> Running boot step rabbit_looking_glass defined by app rabbit
2023-04-30 08:18:01.621957+00:00 [info] <0.230.0> Running boot step rabbit_core_metrics_gc defined by app rabbit
2023-04-30 08:18:01.622248+00:00 [info] <0.230.0> Running boot step background_gc defined by app rabbit
2023-04-30 08:18:01.622656+00:00 [info] <0.230.0> Running boot step routing_ready defined by app rabbit
2023-04-30 08:18:01.622714+00:00 [info] <0.230.0> Running boot step pre_flight defined by app rabbit
2023-04-30 08:18:01.622734+00:00 [info] <0.230.0> Running boot step notify_cluster defined by app rabbit
2023-04-30 08:18:01.622807+00:00 [info] <0.230.0> Running boot step networking defined by app rabbit
2023-04-30 08:18:01.622888+00:00 [info] <0.230.0> Running boot step definition_import_worker_pool defined by app rabbit
2023-04-30 08:18:01.623057+00:00 [info] <0.288.0> Starting worker pool 'definition_import_pool' with 8 processes in it
2023-04-30 08:18:01.623725+00:00 [info] <0.230.0> Running boot step cluster_name defined by app rabbit
2023-04-30 08:18:01.623976+00:00 [info] <0.230.0> Initialising internal cluster ID to 'rabbitmq-cluster-id-bDeC-SkQRqgXmkoCWvNSWA'
2023-04-30 08:18:01.628481+00:00 [info] <0.230.0> Running boot step direct_client defined by app rabbit
2023-04-30 08:18:01.628871+00:00 [info] <0.230.0> Running boot step rabbit_maintenance_mode_state defined by app rabbit
2023-04-30 08:18:01.629231+00:00 [info] <0.230.0> Creating table rabbit_node_maintenance_states for maintenance mode status
2023-04-30 08:18:01.665687+00:00 [info] <0.712.0> Resetting node maintenance status
2023-04-30 08:18:01.666198+00:00 [info] <0.712.0> Ready to start client connection listeners
2023-04-30 08:18:01.670322+00:00 [info] <0.730.0> started TCP listener on [::]:5672
2023-04-30 08:18:02.773374+00:00 [info] <0.712.0> Server startup complete; 0 plugins started.
2023-04-30 08:21:43.123810+00:00 [notice] <0.61.0> SIGTERM received - shutting down
2023-04-30 08:21:43.123810+00:00 [notice] <0.61.0> 
2023-04-30 08:21:43.129308+00:00 [info] <0.230.0> Peer discovery backend rabbit_peer_discovery_classic_config does not support registration, skipping unregistration.
2023-04-30 08:21:43.129697+00:00 [info] <0.730.0> stopped TCP listener on [::]:5672
2023-04-30 08:21:43.132907+00:00 [info] <0.751.0> Closing all connections in vhost '/' on node 'rabbit@7220e1dce03c' because the vhost is stopping
2023-04-30 08:21:43.132968+00:00 [info] <0.671.0> Stopping message store for directory '/var/lib/rabbitmq/mnesia/rabbit@7220e1dce03c/msg_stores/vhosts/628WB79CIFDYO9LJI6DKMI09L/msg_store_persistent'
2023-04-30 08:21:43.172501+00:00 [info] <0.671.0> Message store for directory '/var/lib/rabbitmq/mnesia/rabbit@7220e1dce03c/msg_stores/vhosts/628WB79CIFDYO9LJI6DKMI09L/msg_store_persistent' is stopped
2023-04-30 08:21:43.172964+00:00 [info] <0.667.0> Stopping message store for directory '/var/lib/rabbitmq/mnesia/rabbit@7220e1dce03c/msg_stores/vhosts/628WB79CIFDYO9LJI6DKMI09L/msg_store_transient'
2023-04-30 08:21:43.205853+00:00 [info] <0.667.0> Message store for directory '/var/lib/rabbitmq/mnesia/rabbit@7220e1dce03c/msg_stores/vhosts/628WB79CIFDYO9LJI6DKMI09L/msg_store_transient' is stopped
